#
# A fatal error has been detected by the Java Runtime Environment:
#
#  EXCEPTION_ACCESS_VIOLATION (0xc0000005) at pc=0x00007fff1a9efc6b, pid=5700, tid=3056
#
# JRE version: Java(TM) SE Runtime Environment (11.0.1+13) (build 11.0.1+13-LTS)
# Java VM: Java HotSpot(TM) 64-Bit Server VM (11.0.1+13-LTS, mixed mode, tiered, compressed oops, g1 gc, windows-amd64)
# Problematic frame:
# V  [jvm.dll+0x6bfc6b]
#
# No core dump will be written. Minidumps are not enabled by default on client versions of Windows
#
# If you would like to submit a bug report, please visit:
#   http://bugreport.java.com/bugreport/crash.jsp
#

---------------  S U M M A R Y ------------

Command Line: -agentlib:jdwp=transport=dt_socket,address=127.0.0.1:57026,suspend=y,server=n -ea -Didea.test.cyclic.buffer.size=1048576 -javaagent:C:\Users\Ama\.IdeaIC2018.2\system\captureAgent\debugger-agent.jar=file:/C:/Users/Ama/AppData/Local/Temp/capture.props -Dfile.encoding=UTF-8 com.intellij.rt.execution.junit.JUnitStarter -ideVersion5 -junit5 @w@C:\Users\Ama\AppData\Local\Temp\idea_working_dirs_junit.tmp @C:\Users\Ama\AppData\Local\Temp\idea_junit.tmp

Host: Intel(R) Core(TM) i7-4720HQ CPU @ 2.60GHz, 8 cores, 7G,  Windows 10 , 64 bit Build 17134 (10.0.17134.1)
Time: Sun Dec  9 11:10:56 2018 ?rodkowoeuropejski czas stand. elapsed time: 1903 seconds (0d 0h 31m 43s)

---------------  T H R E A D  ---------------

Current thread (0x0000014b67376000):  VMThread "VM Thread" [stack: 0x0000002b8ac00000,0x0000002b8ad00000] [id=3056]

Stack: [0x0000002b8ac00000,0x0000002b8ad00000],  sp=0x0000002b8acfe930,  free space=1018k
Native frames: (J=compiled Java code, j=interpreted, Vv=VM code, C=native code)
V  [jvm.dll+0x6bfc6b]
V  [jvm.dll+0x344753]
V  [jvm.dll+0x346699]
V  [jvm.dll+0x346f1e]
V  [jvm.dll+0x3443bc]
V  [jvm.dll+0x343662]
V  [jvm.dll+0x62b355]
V  [jvm.dll+0x62b0dd]
V  [jvm.dll+0x5f0b9a]
V  [jvm.dll+0x503ec7]
V  [jvm.dll+0x78178c]
V  [jvm.dll+0x77fc47]
V  [jvm.dll+0x780470]
V  [jvm.dll+0x78077f]
V  [jvm.dll+0x63b2b2]
C  [ucrtbase.dll+0x1c4ce]
C  [KERNEL32.DLL+0x13034]
C  [ntdll.dll+0x71471]


siginfo: EXCEPTION_ACCESS_VIOLATION (0xc0000005), reading address 0x0000000000000006


Register to memory mapping:

RIP=0x00007fff1a9efc6b jvm.dll
RAX=0x0000002b8acfe9c0 points into unknown readable memory
RBX=0x0000002b8acfe990 points into unknown readable memory
RCX=0x0 is NULL
RDX=0x0 is NULL
RSP=0x0000002b8acfe930 points into unknown readable memory
RBP=0x0000002b8acfeea0 points into unknown readable memory
RSI=0x0 is NULL
RDI=0x0 is NULL
R8 =0x0 is NULL
R9 =0x0000014b688d70d8 is pointing into metadata
R10=0x00007fff1a330000 jvm.dll
R11={method} {0x0000014b688da480} 'simplestS' '(LPathFinderInterface;Ljava/lang/String;)V' in 'PMO_Test'
R12=0x0000014b6732c850 points into unknown readable memory
R13=0x0 is NULL
R14=0x0000014b688da3eb is pointing into metadata
R15=0x000000000000008e is an unknown value


Registers:
RAX=0x0000002b8acfe9c0, RBX=0x0000002b8acfe990, RCX=0x0000000000000000, RDX=0x0000000000000000
RSP=0x0000002b8acfe930, RBP=0x0000002b8acfeea0, RSI=0x0000000000000000, RDI=0x0000000000000000
R8 =0x0000000000000000, R9 =0x0000014b688d70d8, R10=0x00007fff1a330000, R11=0x0000014b688da478
R12=0x0000014b6732c850, R13=0x0000000000000000, R14=0x0000014b688da3eb, R15=0x000000000000008e
RIP=0x00007fff1a9efc6b, EFLAGS=0x0000000000010246

Top of Stack: (sp=0x0000002b8acfe930)
0x0000002b8acfe930:   0000002b8acfe990 0000000000000004
0x0000002b8acfe940:   000000000000037f 00007fff1a9f01eb
0x0000002b8acfe950:   0000000000000000 00007fff1a674753
0x0000002b8acfe960:   0000000000000000 0000002b8acff010
0x0000002b8acfe970:   0000002b8acfef40 00007fff1a9ef9aa
0x0000002b8acfe980:   0000002b8acfe9e0 ffffffffffffffff
0x0000002b8acfe990:   00007fff1abc5c08 0000000000000000
0x0000002b8acfe9a0:   0000000000000000 00007fff0000000c
0x0000002b8acfe9b0:   0000002b8acfe9c0 0000002b00000000
0x0000002b8acfe9c0:   0000000046000054 0000014b6732c890
0x0000002b8acfe9d0:   4fffffff4fffffff 00007fff4fffffff
0x0000002b8acfe9e0:   00007fff1abc5c08 0000014b672a7968
0x0000002b8acfe9f0:   0000000000000012 000000000000000e
0x0000002b8acfea00:   0000002b8acfea20 00007fff00000002
0x0000002b8acfea10:   0000000000000000 00007fff1a9f01eb
0x0000002b8acfea20:   4fffffff4fffffff 4fffffff4fffffff 

Instructions: (pc=0x00007fff1a9efc6b)
0x00007fff1a9efc4b:   cc cc cc cc cc 40 53 48 83 ec 20 c7 41 10 00 00
0x00007fff1a9efc5b:   00 00 48 8b d9 48 89 7c 24 38 48 8b 79 08 33 c9
0x00007fff1a9efc6b:   80 7f 06 28 74 26 44 8d 49 28 8d 51 35 48 8d 0d
0x00007fff1a9efc7b:   b1 45 22 00 4c 8d 05 9a 45 22 00 e8 85 28 ba ff 


VM_Operation (0x0000002b8b5ff870): GetOrSetLocal, mode: safepoint, requested by thread 0x0000014b67f9c800


---------------  P R O C E S S  ---------------

Threads class SMR info:
_java_thread_list=0x0000014b687ac900, length=13, elements={
0x0000014b4876c000, 0x0000014b6739c800, 0x0000014b6739d800, 0x0000014b67d13000,
0x0000014b673b7800, 0x0000014b673b9000, 0x0000014b673ba800, 0x0000014b67d18000,
0x0000014b6732f800, 0x0000014b67f9c800, 0x0000014b67fa0800, 0x0000014b67fa3800,
0x0000014b680c8800
}

Java Threads: ( => current thread )
  0x0000014b4876c000 JavaThread "main" [_thread_blocked, id=6424, stack(0x0000002b8a600000,0x0000002b8a700000)]
  0x0000014b6739c800 JavaThread "Reference Handler" daemon [_thread_blocked, id=10972, stack(0x0000002b8ad00000,0x0000002b8ae00000)]
  0x0000014b6739d800 JavaThread "Finalizer" daemon [_thread_blocked, id=3320, stack(0x0000002b8ae00000,0x0000002b8af00000)]
  0x0000014b67d13000 JavaThread "Signal Dispatcher" daemon [_thread_blocked, id=8340, stack(0x0000002b8af00000,0x0000002b8b000000)]
  0x0000014b673b7800 JavaThread "Attach Listener" daemon [_thread_blocked, id=10464, stack(0x0000002b8b000000,0x0000002b8b100000)]
  0x0000014b673b9000 JavaThread "C2 CompilerThread0" daemon [_thread_blocked, id=800, stack(0x0000002b8b100000,0x0000002b8b200000)]
  0x0000014b673ba800 JavaThread "C1 CompilerThread0" daemon [_thread_blocked, id=15752, stack(0x0000002b8b200000,0x0000002b8b300000)]
  0x0000014b67d18000 JavaThread "Sweeper thread" daemon [_thread_blocked, id=9144, stack(0x0000002b8b300000,0x0000002b8b400000)]
  0x0000014b6732f800 JavaThread "Common-Cleaner" daemon [_thread_blocked, id=7200, stack(0x0000002b8b400000,0x0000002b8b500000)]
  0x0000014b67f9c800 JavaThread "JDWP Transport Listener: dt_socket" daemon [_thread_blocked, id=16152, stack(0x0000002b8b500000,0x0000002b8b600000)] _threads_hazard_ptr=0x0000014b687ac900
  0x0000014b67fa0800 JavaThread "JDWP Event Helper Thread" daemon [_thread_blocked, id=8072, stack(0x0000002b8b600000,0x0000002b8b700000)]
  0x0000014b67fa3800 JavaThread "JDWP Command Reader" daemon [_thread_in_native, id=9392, stack(0x0000002b8b700000,0x0000002b8b800000)]
  0x0000014b680c8800 JavaThread "Service Thread" daemon [_thread_blocked, id=16312, stack(0x0000002b8b800000,0x0000002b8b900000)]

Other Threads:
=>0x0000014b67376000 VMThread "VM Thread" [stack: 0x0000002b8ac00000,0x0000002b8ad00000] [id=3056]
  0x0000014b680c9800 WatcherThread [stack: 0x0000002b8b900000,0x0000002b8ba00000] [id=16016]
  0x0000014b48785000 GCTaskThread "GC Thread#0" [stack: 0x0000002b8a700000,0x0000002b8a800000] [id=15640]
  0x0000014b487b1000 ConcurrentGCThread "G1 Main Marker" [stack: 0x0000002b8a800000,0x0000002b8a900000] [id=9004]
  0x0000014b487b2000 ConcurrentGCThread "G1 Conc#0" [stack: 0x0000002b8a900000,0x0000002b8aa00000] [id=4176]
  0x0000014b4883e800 ConcurrentGCThread "G1 Refine#0" [stack: 0x0000002b8aa00000,0x0000002b8ab00000] [id=3044]
  0x0000014b671da800 ConcurrentGCThread "G1 Young RemSet Sampling" [stack: 0x0000002b8ab00000,0x0000002b8ac00000] [id=17616]

Threads with active compile tasks:

VM state:at safepoint (normal execution)

VM Mutex/Monitor currently owned by a thread:  ([mutex/lock_event])
[0x0000014b48769d80] Threads_lock - owner thread: 0x0000014b67376000

Heap address: 0x0000000081200000, size: 2030 MB, Compressed Oops mode: 32-bit
Narrow klass base: 0x0000000000000000, Narrow klass shift: 3
Compressed class space size: 1073741824 Address: 0x0000000100000000

Heap:
 garbage-first heap   total 131072K, used 18432K [0x0000000081200000, 0x0000000100000000)
  region size 1024K, 20 young (20480K), 0 survivors (0K)
 Metaspace       used 12813K, capacity 13359K, committed 13568K, reserved 1060864K
  class space    used 1315K, capacity 1518K, committed 1536K, reserved 1048576K
Heap Regions: E=young(eden), S=young(survivor), O=old, HS=humongous(starts), HC=humongous(continues), CS=collection set, F=free, A=archive, TAMS=top-at-mark-start (previous, next)
|   0|0x0000000081200000, 0x0000000081200000, 0x0000000081300000|  0%| F|  |TAMS 0x0000000081200000, 0x0000000081200000| Untracked 
|   1|0x0000000081300000, 0x0000000081300000, 0x0000000081400000|  0%| F|  |TAMS 0x0000000081300000, 0x0000000081300000| Untracked 
|   2|0x0000000081400000, 0x0000000081400000, 0x0000000081500000|  0%| F|  |TAMS 0x0000000081400000, 0x0000000081400000| Untracked 
|   3|0x0000000081500000, 0x0000000081500000, 0x0000000081600000|  0%| F|  |TAMS 0x0000000081500000, 0x0000000081500000| Untracked 
|   4|0x0000000081600000, 0x0000000081600000, 0x0000000081700000|  0%| F|  |TAMS 0x0000000081600000, 0x0000000081600000| Untracked 
|   5|0x0000000081700000, 0x0000000081700000, 0x0000000081800000|  0%| F|  |TAMS 0x0000000081700000, 0x0000000081700000| Untracked 
|   6|0x0000000081800000, 0x0000000081800000, 0x0000000081900000|  0%| F|  |TAMS 0x0000000081800000, 0x0000000081800000| Untracked 
|   7|0x0000000081900000, 0x0000000081900000, 0x0000000081a00000|  0%| F|  |TAMS 0x0000000081900000, 0x0000000081900000| Untracked 
|   8|0x0000000081a00000, 0x0000000081a00000, 0x0000000081b00000|  0%| F|  |TAMS 0x0000000081a00000, 0x0000000081a00000| Untracked 
|   9|0x0000000081b00000, 0x0000000081b00000, 0x0000000081c00000|  0%| F|  |TAMS 0x0000000081b00000, 0x0000000081b00000| Untracked 
|  10|0x0000000081c00000, 0x0000000081c00000, 0x0000000081d00000|  0%| F|  |TAMS 0x0000000081c00000, 0x0000000081c00000| Untracked 
|  11|0x0000000081d00000, 0x0000000081d00000, 0x0000000081e00000|  0%| F|  |TAMS 0x0000000081d00000, 0x0000000081d00000| Untracked 
|  12|0x0000000081e00000, 0x0000000081e00000, 0x0000000081f00000|  0%| F|  |TAMS 0x0000000081e00000, 0x0000000081e00000| Untracked 
|  13|0x0000000081f00000, 0x0000000081f00000, 0x0000000082000000|  0%| F|  |TAMS 0x0000000081f00000, 0x0000000081f00000| Untracked 
|  14|0x0000000082000000, 0x0000000082000000, 0x0000000082100000|  0%| F|  |TAMS 0x0000000082000000, 0x0000000082000000| Untracked 
|  15|0x0000000082100000, 0x0000000082100000, 0x0000000082200000|  0%| F|  |TAMS 0x0000000082100000, 0x0000000082100000| Untracked 
|  16|0x0000000082200000, 0x0000000082200000, 0x0000000082300000|  0%| F|  |TAMS 0x0000000082200000, 0x0000000082200000| Untracked 
|  17|0x0000000082300000, 0x0000000082300000, 0x0000000082400000|  0%| F|  |TAMS 0x0000000082300000, 0x0000000082300000| Untracked 
|  18|0x0000000082400000, 0x0000000082400000, 0x0000000082500000|  0%| F|  |TAMS 0x0000000082400000, 0x0000000082400000| Untracked 
|  19|0x0000000082500000, 0x0000000082500000, 0x0000000082600000|  0%| F|  |TAMS 0x0000000082500000, 0x0000000082500000| Untracked 
|  20|0x0000000082600000, 0x0000000082600000, 0x0000000082700000|  0%| F|  |TAMS 0x0000000082600000, 0x0000000082600000| Untracked 
|  21|0x0000000082700000, 0x0000000082700000, 0x0000000082800000|  0%| F|  |TAMS 0x0000000082700000, 0x0000000082700000| Untracked 
|  22|0x0000000082800000, 0x0000000082800000, 0x0000000082900000|  0%| F|  |TAMS 0x0000000082800000, 0x0000000082800000| Untracked 
|  23|0x0000000082900000, 0x0000000082900000, 0x0000000082a00000|  0%| F|  |TAMS 0x0000000082900000, 0x0000000082900000| Untracked 
|  24|0x0000000082a00000, 0x0000000082a00000, 0x0000000082b00000|  0%| F|  |TAMS 0x0000000082a00000, 0x0000000082a00000| Untracked 
|  25|0x0000000082b00000, 0x0000000082b00000, 0x0000000082c00000|  0%| F|  |TAMS 0x0000000082b00000, 0x0000000082b00000| Untracked 
|  26|0x0000000082c00000, 0x0000000082c00000, 0x0000000082d00000|  0%| F|  |TAMS 0x0000000082c00000, 0x0000000082c00000| Untracked 
|  27|0x0000000082d00000, 0x0000000082d00000, 0x0000000082e00000|  0%| F|  |TAMS 0x0000000082d00000, 0x0000000082d00000| Untracked 
|  28|0x0000000082e00000, 0x0000000082e00000, 0x0000000082f00000|  0%| F|  |TAMS 0x0000000082e00000, 0x0000000082e00000| Untracked 
|  29|0x0000000082f00000, 0x0000000082f00000, 0x0000000083000000|  0%| F|  |TAMS 0x0000000082f00000, 0x0000000082f00000| Untracked 
|  30|0x0000000083000000, 0x0000000083000000, 0x0000000083100000|  0%| F|  |TAMS 0x0000000083000000, 0x0000000083000000| Untracked 
|  31|0x0000000083100000, 0x0000000083100000, 0x0000000083200000|  0%| F|  |TAMS 0x0000000083100000, 0x0000000083100000| Untracked 
|  32|0x0000000083200000, 0x0000000083200000, 0x0000000083300000|  0%| F|  |TAMS 0x0000000083200000, 0x0000000083200000| Untracked 
|  33|0x0000000083300000, 0x0000000083300000, 0x0000000083400000|  0%| F|  |TAMS 0x0000000083300000, 0x0000000083300000| Untracked 
|  34|0x0000000083400000, 0x0000000083400000, 0x0000000083500000|  0%| F|  |TAMS 0x0000000083400000, 0x0000000083400000| Untracked 
|  35|0x0000000083500000, 0x0000000083500000, 0x0000000083600000|  0%| F|  |TAMS 0x0000000083500000, 0x0000000083500000| Untracked 
|  36|0x0000000083600000, 0x0000000083600000, 0x0000000083700000|  0%| F|  |TAMS 0x0000000083600000, 0x0000000083600000| Untracked 
|  37|0x0000000083700000, 0x0000000083700000, 0x0000000083800000|  0%| F|  |TAMS 0x0000000083700000, 0x0000000083700000| Untracked 
|  38|0x0000000083800000, 0x0000000083800000, 0x0000000083900000|  0%| F|  |TAMS 0x0000000083800000, 0x0000000083800000| Untracked 
|  39|0x0000000083900000, 0x0000000083900000, 0x0000000083a00000|  0%| F|  |TAMS 0x0000000083900000, 0x0000000083900000| Untracked 
|  40|0x0000000083a00000, 0x0000000083a00000, 0x0000000083b00000|  0%| F|  |TAMS 0x0000000083a00000, 0x0000000083a00000| Untracked 
|  41|0x0000000083b00000, 0x0000000083b00000, 0x0000000083c00000|  0%| F|  |TAMS 0x0000000083b00000, 0x0000000083b00000| Untracked 
|  42|0x0000000083c00000, 0x0000000083c00000, 0x0000000083d00000|  0%| F|  |TAMS 0x0000000083c00000, 0x0000000083c00000| Untracked 
|  43|0x0000000083d00000, 0x0000000083d00000, 0x0000000083e00000|  0%| F|  |TAMS 0x0000000083d00000, 0x0000000083d00000| Untracked 
|  44|0x0000000083e00000, 0x0000000083e00000, 0x0000000083f00000|  0%| F|  |TAMS 0x0000000083e00000, 0x0000000083e00000| Untracked 
|  45|0x0000000083f00000, 0x0000000083f00000, 0x0000000084000000|  0%| F|  |TAMS 0x0000000083f00000, 0x0000000083f00000| Untracked 
|  46|0x0000000084000000, 0x0000000084000000, 0x0000000084100000|  0%| F|  |TAMS 0x0000000084000000, 0x0000000084000000| Untracked 
|  47|0x0000000084100000, 0x0000000084100000, 0x0000000084200000|  0%| F|  |TAMS 0x0000000084100000, 0x0000000084100000| Untracked 
|  48|0x0000000084200000, 0x0000000084200000, 0x0000000084300000|  0%| F|  |TAMS 0x0000000084200000, 0x0000000084200000| Untracked 
|  49|0x0000000084300000, 0x0000000084300000, 0x0000000084400000|  0%| F|  |TAMS 0x0000000084300000, 0x0000000084300000| Untracked 
|  50|0x0000000084400000, 0x0000000084400000, 0x0000000084500000|  0%| F|  |TAMS 0x0000000084400000, 0x0000000084400000| Untracked 
|  51|0x0000000084500000, 0x0000000084500000, 0x0000000084600000|  0%| F|  |TAMS 0x0000000084500000, 0x0000000084500000| Untracked 
|  52|0x0000000084600000, 0x0000000084600000, 0x0000000084700000|  0%| F|  |TAMS 0x0000000084600000, 0x0000000084600000| Untracked 
|  53|0x0000000084700000, 0x0000000084700000, 0x0000000084800000|  0%| F|  |TAMS 0x0000000084700000, 0x0000000084700000| Untracked 
|  54|0x0000000084800000, 0x0000000084800000, 0x0000000084900000|  0%| F|  |TAMS 0x0000000084800000, 0x0000000084800000| Untracked 
|  55|0x0000000084900000, 0x0000000084900000, 0x0000000084a00000|  0%| F|  |TAMS 0x0000000084900000, 0x0000000084900000| Untracked 
|  56|0x0000000084a00000, 0x0000000084a00000, 0x0000000084b00000|  0%| F|  |TAMS 0x0000000084a00000, 0x0000000084a00000| Untracked 
|  57|0x0000000084b00000, 0x0000000084b00000, 0x0000000084c00000|  0%| F|  |TAMS 0x0000000084b00000, 0x0000000084b00000| Untracked 
|  58|0x0000000084c00000, 0x0000000084c00000, 0x0000000084d00000|  0%| F|  |TAMS 0x0000000084c00000, 0x0000000084c00000| Untracked 
|  59|0x0000000084d00000, 0x0000000084d00000, 0x0000000084e00000|  0%| F|  |TAMS 0x0000000084d00000, 0x0000000084d00000| Untracked 
|  60|0x0000000084e00000, 0x0000000084e00000, 0x0000000084f00000|  0%| F|  |TAMS 0x0000000084e00000, 0x0000000084e00000| Untracked 
|  61|0x0000000084f00000, 0x0000000084f00000, 0x0000000085000000|  0%| F|  |TAMS 0x0000000084f00000, 0x0000000084f00000| Untracked 
|  62|0x0000000085000000, 0x0000000085000000, 0x0000000085100000|  0%| F|  |TAMS 0x0000000085000000, 0x0000000085000000| Untracked 
|  63|0x0000000085100000, 0x0000000085100000, 0x0000000085200000|  0%| F|  |TAMS 0x0000000085100000, 0x0000000085100000| Untracked 
|  64|0x0000000085200000, 0x0000000085200000, 0x0000000085300000|  0%| F|  |TAMS 0x0000000085200000, 0x0000000085200000| Untracked 
|  65|0x0000000085300000, 0x0000000085300000, 0x0000000085400000|  0%| F|  |TAMS 0x0000000085300000, 0x0000000085300000| Untracked 
|  66|0x0000000085400000, 0x0000000085400000, 0x0000000085500000|  0%| F|  |TAMS 0x0000000085400000, 0x0000000085400000| Untracked 
|  67|0x0000000085500000, 0x0000000085500000, 0x0000000085600000|  0%| F|  |TAMS 0x0000000085500000, 0x0000000085500000| Untracked 
|  68|0x0000000085600000, 0x0000000085600000, 0x0000000085700000|  0%| F|  |TAMS 0x0000000085600000, 0x0000000085600000| Untracked 
|  69|0x0000000085700000, 0x0000000085700000, 0x0000000085800000|  0%| F|  |TAMS 0x0000000085700000, 0x0000000085700000| Untracked 
|  70|0x0000000085800000, 0x0000000085800000, 0x0000000085900000|  0%| F|  |TAMS 0x0000000085800000, 0x0000000085800000| Untracked 
|  71|0x0000000085900000, 0x0000000085900000, 0x0000000085a00000|  0%| F|  |TAMS 0x0000000085900000, 0x0000000085900000| Untracked 
|  72|0x0000000085a00000, 0x0000000085a00000, 0x0000000085b00000|  0%| F|  |TAMS 0x0000000085a00000, 0x0000000085a00000| Untracked 
|  73|0x0000000085b00000, 0x0000000085b00000, 0x0000000085c00000|  0%| F|  |TAMS 0x0000000085b00000, 0x0000000085b00000| Untracked 
|  74|0x0000000085c00000, 0x0000000085c00000, 0x0000000085d00000|  0%| F|  |TAMS 0x0000000085c00000, 0x0000000085c00000| Untracked 
|  75|0x0000000085d00000, 0x0000000085d00000, 0x0000000085e00000|  0%| F|  |TAMS 0x0000000085d00000, 0x0000000085d00000| Untracked 
|  76|0x0000000085e00000, 0x0000000085e00000, 0x0000000085f00000|  0%| F|  |TAMS 0x0000000085e00000, 0x0000000085e00000| Untracked 
|  77|0x0000000085f00000, 0x0000000085f00000, 0x0000000086000000|  0%| F|  |TAMS 0x0000000085f00000, 0x0000000085f00000| Untracked 
|  78|0x0000000086000000, 0x0000000086000000, 0x0000000086100000|  0%| F|  |TAMS 0x0000000086000000, 0x0000000086000000| Untracked 
|  79|0x0000000086100000, 0x0000000086100000, 0x0000000086200000|  0%| F|  |TAMS 0x0000000086100000, 0x0000000086100000| Untracked 
|  80|0x0000000086200000, 0x0000000086200000, 0x0000000086300000|  0%| F|  |TAMS 0x0000000086200000, 0x0000000086200000| Untracked 
|  81|0x0000000086300000, 0x0000000086300000, 0x0000000086400000|  0%| F|  |TAMS 0x0000000086300000, 0x0000000086300000| Untracked 
|  82|0x0000000086400000, 0x0000000086400000, 0x0000000086500000|  0%| F|  |TAMS 0x0000000086400000, 0x0000000086400000| Untracked 
|  83|0x0000000086500000, 0x0000000086500000, 0x0000000086600000|  0%| F|  |TAMS 0x0000000086500000, 0x0000000086500000| Untracked 
|  84|0x0000000086600000, 0x0000000086600000, 0x0000000086700000|  0%| F|  |TAMS 0x0000000086600000, 0x0000000086600000| Untracked 
|  85|0x0000000086700000, 0x0000000086700000, 0x0000000086800000|  0%| F|  |TAMS 0x0000000086700000, 0x0000000086700000| Untracked 
|  86|0x0000000086800000, 0x0000000086800000, 0x0000000086900000|  0%| F|  |TAMS 0x0000000086800000, 0x0000000086800000| Untracked 
|  87|0x0000000086900000, 0x0000000086900000, 0x0000000086a00000|  0%| F|  |TAMS 0x0000000086900000, 0x0000000086900000| Untracked 
|  88|0x0000000086a00000, 0x0000000086a00000, 0x0000000086b00000|  0%| F|  |TAMS 0x0000000086a00000, 0x0000000086a00000| Untracked 
|  89|0x0000000086b00000, 0x0000000086b00000, 0x0000000086c00000|  0%| F|  |TAMS 0x0000000086b00000, 0x0000000086b00000| Untracked 
|  90|0x0000000086c00000, 0x0000000086c00000, 0x0000000086d00000|  0%| F|  |TAMS 0x0000000086c00000, 0x0000000086c00000| Untracked 
|  91|0x0000000086d00000, 0x0000000086d00000, 0x0000000086e00000|  0%| F|  |TAMS 0x0000000086d00000, 0x0000000086d00000| Untracked 
|  92|0x0000000086e00000, 0x0000000086e00000, 0x0000000086f00000|  0%| F|  |TAMS 0x0000000086e00000, 0x0000000086e00000| Untracked 
|  93|0x0000000086f00000, 0x0000000086f00000, 0x0000000087000000|  0%| F|  |TAMS 0x0000000086f00000, 0x0000000086f00000| Untracked 
|  94|0x0000000087000000, 0x0000000087000000, 0x0000000087100000|  0%| F|  |TAMS 0x0000000087000000, 0x0000000087000000| Untracked 
|  95|0x0000000087100000, 0x0000000087100000, 0x0000000087200000|  0%| F|  |TAMS 0x0000000087100000, 0x0000000087100000| Untracked 
|  96|0x0000000087200000, 0x0000000087200000, 0x0000000087300000|  0%| F|  |TAMS 0x0000000087200000, 0x0000000087200000| Untracked 
|  97|0x0000000087300000, 0x0000000087300000, 0x0000000087400000|  0%| F|  |TAMS 0x0000000087300000, 0x0000000087300000| Untracked 
|  98|0x0000000087400000, 0x0000000087400000, 0x0000000087500000|  0%| F|  |TAMS 0x0000000087400000, 0x0000000087400000| Untracked 
|  99|0x0000000087500000, 0x0000000087500000, 0x0000000087600000|  0%| F|  |TAMS 0x0000000087500000, 0x0000000087500000| Untracked 
| 100|0x0000000087600000, 0x0000000087600000, 0x0000000087700000|  0%| F|  |TAMS 0x0000000087600000, 0x0000000087600000| Untracked 
| 101|0x0000000087700000, 0x0000000087700000, 0x0000000087800000|  0%| F|  |TAMS 0x0000000087700000, 0x0000000087700000| Untracked 
| 102|0x0000000087800000, 0x0000000087800000, 0x0000000087900000|  0%| F|  |TAMS 0x0000000087800000, 0x0000000087800000| Untracked 
| 103|0x0000000087900000, 0x0000000087900000, 0x0000000087a00000|  0%| F|  |TAMS 0x0000000087900000, 0x0000000087900000| Untracked 
| 104|0x0000000087a00000, 0x0000000087a00000, 0x0000000087b00000|  0%| F|  |TAMS 0x0000000087a00000, 0x0000000087a00000| Untracked 
| 105|0x0000000087b00000, 0x0000000087b00000, 0x0000000087c00000|  0%| F|  |TAMS 0x0000000087b00000, 0x0000000087b00000| Untracked 
| 106|0x0000000087c00000, 0x0000000087c00000, 0x0000000087d00000|  0%| F|  |TAMS 0x0000000087c00000, 0x0000000087c00000| Untracked 
| 107|0x0000000087d00000, 0x0000000087d00000, 0x0000000087e00000|  0%| F|  |TAMS 0x0000000087d00000, 0x0000000087d00000| Untracked 
| 108|0x0000000087e00000, 0x0000000087f00000, 0x0000000087f00000|100%| E|  |TAMS 0x0000000087e00000, 0x0000000087e00000| Complete 
| 109|0x0000000087f00000, 0x0000000088000000, 0x0000000088000000|100%| E|CS|TAMS 0x0000000087f00000, 0x0000000087f00000| Complete 
| 110|0x0000000088000000, 0x0000000088100000, 0x0000000088100000|100%| E|CS|TAMS 0x0000000088000000, 0x0000000088000000| Complete 
| 111|0x0000000088100000, 0x0000000088200000, 0x0000000088200000|100%| E|CS|TAMS 0x0000000088100000, 0x0000000088100000| Complete 
| 112|0x0000000088200000, 0x0000000088300000, 0x0000000088300000|100%| E|CS|TAMS 0x0000000088200000, 0x0000000088200000| Complete 
| 113|0x0000000088300000, 0x0000000088400000, 0x0000000088400000|100%| E|CS|TAMS 0x0000000088300000, 0x0000000088300000| Complete 
| 114|0x0000000088400000, 0x0000000088500000, 0x0000000088500000|100%| E|CS|TAMS 0x0000000088400000, 0x0000000088400000| Complete 
| 115|0x0000000088500000, 0x0000000088600000, 0x0000000088600000|100%| E|CS|TAMS 0x0000000088500000, 0x0000000088500000| Complete 
| 116|0x0000000088600000, 0x0000000088700000, 0x0000000088700000|100%| E|CS|TAMS 0x0000000088600000, 0x0000000088600000| Complete 
| 117|0x0000000088700000, 0x0000000088800000, 0x0000000088800000|100%| E|CS|TAMS 0x0000000088700000, 0x0000000088700000| Complete 
| 118|0x0000000088800000, 0x0000000088900000, 0x0000000088900000|100%| E|CS|TAMS 0x0000000088800000, 0x0000000088800000| Complete 
| 119|0x0000000088900000, 0x0000000088a00000, 0x0000000088a00000|100%| E|CS|TAMS 0x0000000088900000, 0x0000000088900000| Complete 
| 120|0x0000000088a00000, 0x0000000088b00000, 0x0000000088b00000|100%| E|CS|TAMS 0x0000000088a00000, 0x0000000088a00000| Complete 
| 121|0x0000000088b00000, 0x0000000088c00000, 0x0000000088c00000|100%| E|  |TAMS 0x0000000088b00000, 0x0000000088b00000| Complete 
| 122|0x0000000088c00000, 0x0000000088d00000, 0x0000000088d00000|100%| E|CS|TAMS 0x0000000088c00000, 0x0000000088c00000| Complete 
| 123|0x0000000088d00000, 0x0000000088e00000, 0x0000000088e00000|100%| E|CS|TAMS 0x0000000088d00000, 0x0000000088d00000| Complete 
| 124|0x0000000088e00000, 0x0000000088f00000, 0x0000000088f00000|100%| E|CS|TAMS 0x0000000088e00000, 0x0000000088e00000| Complete 
| 125|0x0000000088f00000, 0x0000000089000000, 0x0000000089000000|100%| E|CS|TAMS 0x0000000088f00000, 0x0000000088f00000| Complete 
| 126|0x0000000089000000, 0x0000000089100000, 0x0000000089100000|100%| E|CS|TAMS 0x0000000089000000, 0x0000000089000000| Complete 
| 127|0x0000000089100000, 0x0000000089200000, 0x0000000089200000|100%| E|CS|TAMS 0x0000000089100000, 0x0000000089100000| Complete 

Card table byte_map: [0x0000014b601c0000,0x0000014b605c0000] _byte_map_base: 0x0000014b5fdb7000

Marking Bits (Prev, Next): (CMBitMap*) 0x0000014b487a8758, (CMBitMap*) 0x0000014b487a8790
 Prev Bits: [0x0000014b609c0000, 0x0000014b62978000)
 Next Bits: [0x0000014b62980000, 0x0000014b64938000)

Polling page: 0x0000014b47f40000

Metaspace:

Usage:
  Non-class:     11.56 MB capacity,    11.23 MB ( 97%) used,   291.09 KB (  2%) free+waste,    52.31 KB ( <1%) overhead. 
      Class:      1.48 MB capacity,     1.28 MB ( 87%) used,   176.73 KB ( 12%) free+waste,    25.63 KB (  2%) overhead. 
       Both:     13.05 MB capacity,    12.51 MB ( 96%) used,   467.82 KB (  4%) free+waste,    77.94 KB ( <1%) overhead. 

Virtual space:
  Non-class space:       12.00 MB reserved,      11.75 MB ( 98%) committed 
      Class space:        1.00 GB reserved,       1.50 MB ( <1%) committed 
             Both:        1.01 GB reserved,      13.25 MB (  1%) committed 

Chunk freelists:
   Non-Class:  7.88 KB
       Class:  2.25 KB
        Both:  10.13 KB

CodeHeap 'non-profiled nmethods': size=120000Kb used=384Kb max_used=384Kb free=119615Kb
 bounds [0x0000014b58560000, 0x0000014b587d0000, 0x0000014b5fa90000]
CodeHeap 'profiled nmethods': size=120000Kb used=2147Kb max_used=2147Kb free=117852Kb
 bounds [0x0000014b51030000, 0x0000014b512a0000, 0x0000014b58560000]
CodeHeap 'non-nmethods': size=5760Kb used=1177Kb max_used=1208Kb free=4582Kb
 bounds [0x0000014b50a90000, 0x0000014b50d00000, 0x0000014b51030000]
 total_blobs=1733 nmethods=1124 adapters=321
 compilation: enabled
              stopped_count=0, restarted_count=0
 full_count=0

Compilation events (10 events):
Event: 0.914 Thread 0x0000014b673ba800 nmethod 1119 0x0000014b51247190 code [0x0000014b512473a0, 0x0000014b51247b20]
Event: 0.914 Thread 0x0000014b673ba800 1120       3       java.util.Vector::add (23 bytes)
Event: 0.915 Thread 0x0000014b673ba800 nmethod 1120 0x0000014b51247e10 code [0x0000014b51248020, 0x0000014b512485e0]
Event: 0.915 Thread 0x0000014b673ba800 1121       1       PathFinderEnum$Position::access$000 (5 bytes)
Event: 0.915 Thread 0x0000014b673ba800 nmethod 1121 0x0000014b585b8090 code [0x0000014b585b8240, 0x0000014b585b8338]
Event: 0.915 Thread 0x0000014b673ba800 1122       1       PathFinderEnum$Position::access$100 (5 bytes)
Event: 0.915 Thread 0x0000014b673ba800 nmethod 1122 0x0000014b585b8410 code [0x0000014b585b85c0, 0x0000014b585b86b8]
Event: 0.916 Thread 0x0000014b673ba800 1124       3       java.lang.reflect.Constructor::setConstructorAccessor (21 bytes)
Event: 0.917 Thread 0x0000014b673ba800 nmethod 1124 0x0000014b51248810 code [0x0000014b512489e0, 0x0000014b51248d30]
Event: 0.921 Thread 0x0000014b68877800 nmethod 1006 0x0000014b585b8790 code [0x0000014b585b8b80, 0x0000014b585bd8a0]

GC Heap History (0 events):
No events

Deoptimization events (8 events):
Event: 0.411 Thread 0x0000014b4876c000 Uncommon trap: reason=unstable_if action=reinterpret pc=0x0000014b58566078 method=java.lang.String.isLatin1()Z @ 10 c2
Event: 0.508 Thread 0x0000014b4876c000 Uncommon trap: reason=unstable_if action=reinterpret pc=0x0000014b5856eb74 method=java.util.HashMap.putVal(ILjava/lang/Object;Ljava/lang/Object;ZZ)Ljava/lang/Object; @ 181 c2
Event: 0.593 Thread 0x0000014b4876c000 Uncommon trap: reason=unstable_if action=reinterpret pc=0x0000014b5858d4d0 method=java.util.HashMap.getNode(ILjava/lang/Object;)Ljava/util/HashMap$Node; @ 129 c2
Event: 0.610 Thread 0x0000014b4876c000 Uncommon trap: reason=unstable_if action=reinterpret pc=0x0000014b5856b77c method=java.lang.String.isLatin1()Z @ 10 c2
Event: 0.613 Thread 0x0000014b4876c000 Uncommon trap: reason=unstable_if action=reinterpret pc=0x0000014b58569aa0 method=java.lang.String.isLatin1()Z @ 10 c2
Event: 0.685 Thread 0x0000014b4876c000 Uncommon trap: reason=unstable_if action=reinterpret pc=0x0000014b58599358 method=java.lang.AbstractStringBuilder.putStringAt(ILjava/lang/String;)V @ 8 c2
Event: 0.685 Thread 0x0000014b4876c000 Uncommon trap: reason=unstable_if action=reinterpret pc=0x0000014b58597400 method=java.lang.AbstractStringBuilder.putStringAt(ILjava/lang/String;)V @ 8 c2
Event: 0.685 Thread 0x0000014b4876c000 Uncommon trap: reason=unstable_if action=reinterpret pc=0x0000014b58596b0c method=java.lang.String.getBytes([BIB)V @ 5 c2

Classes redefined (10 events):
Event: 422.193 Thread 0x0000014b67376000 redefined class name=PathFinderEnum, count=5
Event: 422.196 Thread 0x0000014b67376000 redefined class name=PathFinderEnum$Position, count=5
Event: 892.742 Thread 0x0000014b67376000 redefined class name=PMO_Test, count=1
Event: 892.748 Thread 0x0000014b67376000 redefined class name=PMO_Test$Position, count=1
Event: 1479.663 Thread 0x0000014b67376000 redefined class name=PathFinderEnum, count=6
Event: 1479.667 Thread 0x0000014b67376000 redefined class name=PathFinderEnum$Position, count=6
Event: 1838.675 Thread 0x0000014b67376000 redefined class name=PMO_Test, count=2
Event: 1838.680 Thread 0x0000014b67376000 redefined class name=PMO_Test$Position, count=2
Event: 1902.914 Thread 0x0000014b67376000 redefined class name=PMO_Test, count=3
Event: 1902.921 Thread 0x0000014b67376000 redefined class name=PMO_Test$Position, count=3

Internal exceptions (10 events):
Event: 0.627 Thread 0x0000014b4876c000 Exception <a 'java/lang/NoSuchMethodError'{0x0000000088799290}: java.lang.invoke.DirectMethodHandle$Holder.invokeStatic(Ljava/lang/Object;Ljava/lang/Object;Ljava/lang/Object;Ljava/lang/Object;)V> (0x0000000088799290) thrown at [t:/workspace/open/src/hotsp
Event: 0.649 Thread 0x0000014b4876c000 Exception <a 'java/lang/IncompatibleClassChangeError'{0x00000000886863b8}: Found class java.lang.Object, but interface was expected> (0x00000000886863b8) thrown at [t:/workspace/open/src/hotspot/share/interpreter/linkResolver.cpp, line 856]
Event: 0.694 Thread 0x0000014b4876c000 Exception <a 'java/lang/NoSuchMethodError'{0x0000000088589748}: java.lang.invoke.DirectMethodHandle$Holder.invokeInterface(Ljava/lang/Object;Ljava/lang/Object;Ljava/lang/Object;Ljava/lang/Object;)V> (0x0000000088589748) thrown at [t:/workspace/open/src/ho
Event: 0.694 Thread 0x0000014b4876c000 Exception <a 'java/lang/IncompatibleClassChangeError'{0x000000008858c508}: Found class java.lang.Object, but interface was expected> (0x000000008858c508) thrown at [t:/workspace/open/src/hotspot/share/interpreter/linkResolver.cpp, line 856]
Event: 0.718 Thread 0x0000014b4876c000 Exception <a 'java/lang/NoSuchMethodError'{0x0000000088426930}: java.lang.invoke.DirectMethodHandle$Holder.invokeSpecial(Ljava/lang/Object;Ljava/lang/Object;)V> (0x0000000088426930) thrown at [t:/workspace/open/src/hotspot/share/interpreter/linkResolver.c
Event: 0.727 Thread 0x0000014b4876c000 Exception <a 'java/lang/NoSuchMethodError'{0x0000000088471eb0}: java.lang.invoke.DirectMethodHandle$Holder.invokeStatic(Ljava/lang/Object;Ljava/lang/Object;Ljava/lang/Object;Ljava/lang/Object;Ljava/lang/Object;)I> (0x0000000088471eb0) thrown at [t:/worksp
Event: 0.807 Thread 0x0000014b4876c000 Exception <a 'java/lang/NoSuchMethodError'{0x00000000882f6a28}: java.lang.invoke.DirectMethodHandle$Holder.invokeSpecial(Ljava/lang/Object;Ljava/lang/Object;Ljava/lang/Object;Ljava/lang/Object;)I> (0x00000000882f6a28) thrown at [t:/workspace/open/src/hots
Event: 0.860 Thread 0x0000014b4876c000 Exception <a 'java/lang/NoSuchMethodError'{0x0000000088084518}: java.lang.invoke.DirectMethodHandle$Holder.invokeSpecial(Ljava/lang/Object;Ljava/lang/Object;I)V> (0x0000000088084518) thrown at [t:/workspace/open/src/hotspot/share/interpreter/linkResolver.
Event: 0.862 Thread 0x0000014b4876c000 Exception <a 'java/lang/NoSuchMethodError'{0x0000000088092290}: java.lang.invoke.DirectMethodHandle$Holder.invokeStatic(Ljava/lang/Object;Ljava/lang/Object;ILjava/lang/Object;)Ljava/lang/Object;> (0x0000000088092290) thrown at [t:/workspace/open/src/hotsp
Event: 0.863 Thread 0x0000014b4876c000 Exception <a 'java/lang/NoSuchMethodError'{0x00000000880992b0}: java.lang.invoke.Invokers$Holder.linkToTargetMethod(Ljava/lang/Object;ILjava/lang/Object;Ljava/lang/Object;)Ljava/lang/Object;> (0x00000000880992b0) thrown at [t:/workspace/open/src/hotspot/s

Events (10 events):
Event: 1902.925 Executing VM operation: GetFrameLocation done
Event: 1902.925 Executing VM operation: GetOrSetLocal
Event: 1902.925 Executing VM operation: GetOrSetLocal done
Event: 1902.999 Executing VM operation: ChangeBreakpoints
Event: 1903.000 Executing VM operation: ChangeBreakpoints done
Event: 1903.018 Executing VM operation: GetFrameCount
Event: 1903.018 Executing VM operation: GetFrameCount done
Event: 1903.018 Executing VM operation: GetStackTrace
Event: 1903.018 Executing VM operation: GetStackTrace done
Event: 1903.038 Executing VM operation: GetOrSetLocal


Dynamic libraries:
0x00007ff62c0a0000 - 0x00007ff62c0e7000 	C:\Program Files\Java\jdk-11.0.1\bin\java.exe
0x00007fff70490000 - 0x00007fff70671000 	C:\WINDOWS\SYSTEM32\ntdll.dll
0x00007fff6df60000 - 0x00007fff6e012000 	C:\WINDOWS\System32\KERNEL32.DLL
0x00007fff6ca70000 - 0x00007fff6cce3000 	C:\WINDOWS\System32\KERNELBASE.dll
0x00007fff6fa70000 - 0x00007fff6fb11000 	C:\WINDOWS\System32\ADVAPI32.dll
0x00007fff6fb80000 - 0x00007fff6fc1e000 	C:\WINDOWS\System32\msvcrt.dll
0x00007fff6fb20000 - 0x00007fff6fb7b000 	C:\WINDOWS\System32\sechost.dll
0x00007fff6d9b0000 - 0x00007fff6dad4000 	C:\WINDOWS\System32\RPCRT4.dll
0x00007fff6fdf0000 - 0x00007fff6ff80000 	C:\WINDOWS\System32\USER32.dll
0x00007fff6ca50000 - 0x00007fff6ca70000 	C:\WINDOWS\System32\win32u.dll
0x00007fff6fd30000 - 0x00007fff6fd58000 	C:\WINDOWS\System32\GDI32.dll
0x00007fff6ccf0000 - 0x00007fff6ce82000 	C:\WINDOWS\System32\gdi32full.dll
0x00007fff6cf90000 - 0x00007fff6d02f000 	C:\WINDOWS\System32\msvcp_win.dll
0x00007fff6ce90000 - 0x00007fff6cf8a000 	C:\WINDOWS\System32\ucrtbase.dll
0x00007fff61c50000 - 0x00007fff61eb9000 	C:\WINDOWS\WinSxS\amd64_microsoft.windows.common-controls_6595b64144ccf1df_6.0.17134.407_none_fb449d63306391e9\COMCTL32.dll
0x00007fff658b0000 - 0x00007fff658ba000 	C:\WINDOWS\SYSTEM32\VERSION.dll
0x00007fff6e020000 - 0x00007fff6e342000 	C:\WINDOWS\System32\combase.dll
0x00007fff6d850000 - 0x00007fff6d8ca000 	C:\WINDOWS\System32\bcryptPrimitives.dll
0x00007fff703d0000 - 0x00007fff703fd000 	C:\WINDOWS\System32\IMM32.DLL
0x00007fff63630000 - 0x00007fff63646000 	C:\Program Files\Java\jdk-11.0.1\bin\vcruntime140.dll
0x00007fff616e0000 - 0x00007fff6178a000 	C:\Program Files\Java\jdk-11.0.1\bin\msvcp140.dll
0x00007fff1a330000 - 0x00007fff1ae72000 	C:\Program Files\Java\jdk-11.0.1\bin\server\jvm.dll
0x00007fff6d920000 - 0x00007fff6d928000 	C:\WINDOWS\System32\PSAPI.DLL
0x00007fff692f0000 - 0x00007fff692f9000 	C:\WINDOWS\SYSTEM32\WSOCK32.dll
0x00007fff6a930000 - 0x00007fff6a953000 	C:\WINDOWS\SYSTEM32\WINMM.dll
0x00007fff6fd80000 - 0x00007fff6fdec000 	C:\WINDOWS\System32\WS2_32.dll
0x00007fff6a810000 - 0x00007fff6a83a000 	C:\WINDOWS\SYSTEM32\winmmbase.dll
0x00007fff6d8d0000 - 0x00007fff6d919000 	C:\WINDOWS\System32\cfgmgr32.dll
0x00007fff6c840000 - 0x00007fff6c851000 	C:\WINDOWS\System32\kernel.appcore.dll
0x00007fff63610000 - 0x00007fff63621000 	C:\Program Files\Java\jdk-11.0.1\bin\verify.dll
0x00007fff67540000 - 0x00007fff67709000 	C:\WINDOWS\SYSTEM32\DBGHELP.DLL
0x00007fff67410000 - 0x00007fff67439000 	C:\WINDOWS\SYSTEM32\dbgcore.DLL
0x00007fff627d0000 - 0x00007fff627f9000 	C:\Program Files\Java\jdk-11.0.1\bin\java.dll
0x00007fff620f0000 - 0x00007fff62127000 	C:\Program Files\Java\jdk-11.0.1\bin\jdwp.dll
0x00007fff619b0000 - 0x00007fff619df000 	C:\Program Files\Java\jdk-11.0.1\bin\instrument.dll
0x00007fff635f0000 - 0x00007fff63606000 	C:\Program Files\Java\jdk-11.0.1\bin\zip.dll
0x00007fff6aa60000 - 0x00007fff6aa6a000 	C:\Program Files\Java\jdk-11.0.1\bin\jimage.dll
0x00007fff6e4d0000 - 0x00007fff6f90f000 	C:\WINDOWS\System32\SHELL32.dll
0x00007fff6deb0000 - 0x00007fff6df59000 	C:\WINDOWS\System32\shcore.dll
0x00007fff6d0e0000 - 0x00007fff6d7ed000 	C:\WINDOWS\System32\windows.storage.dll
0x00007fff6dd80000 - 0x00007fff6ddd1000 	C:\WINDOWS\System32\shlwapi.dll
0x00007fff6c800000 - 0x00007fff6c81f000 	C:\WINDOWS\System32\profapi.dll
0x00007fff6c7b0000 - 0x00007fff6c7fc000 	C:\WINDOWS\System32\powrprof.dll
0x00007fff6c7a0000 - 0x00007fff6c7aa000 	C:\WINDOWS\System32\FLTLIB.DLL
0x00007fff67cf0000 - 0x00007fff67cfa000 	C:\Program Files\Java\jdk-11.0.1\bin\dt_socket.dll
0x00007fff6bfc0000 - 0x00007fff6c026000 	C:\WINDOWS\system32\mswsock.dll
0x00007fff616c0000 - 0x00007fff616d9000 	C:\Program Files\Java\jdk-11.0.1\bin\net.dll
0x00007fff68630000 - 0x00007fff6870c000 	C:\WINDOWS\SYSTEM32\WINHTTP.dll
0x00007fff616a0000 - 0x00007fff616b3000 	C:\Program Files\Java\jdk-11.0.1\bin\nio.dll

dbghelp: loaded successfully - version: 4.0.5 - missing functions: none
symbol engine: initialized successfully - sym options: 0x614 - pdb path: .;C:\Program Files\Java\jdk-11.0.1\bin;C:\WINDOWS\SYSTEM32;C:\WINDOWS\WinSxS\amd64_microsoft.windows.common-controls_6595b64144ccf1df_6.0.17134.407_none_fb449d63306391e9;C:\Program Files\Java\jdk-11.0.1\bin\server

VM Arguments:
jvm_args: -agentlib:jdwp=transport=dt_socket,address=127.0.0.1:57026,suspend=y,server=n -ea -Didea.test.cyclic.buffer.size=1048576 -javaagent:C:\Users\Ama\.IdeaIC2018.2\system\captureAgent\debugger-agent.jar=file:/C:/Users/Ama/AppData/Local/Temp/capture.props -Dfile.encoding=UTF-8 
java_command: com.intellij.rt.execution.junit.JUnitStarter -ideVersion5 -junit5 @w@C:\Users\Ama\AppData\Local\Temp\idea_working_dirs_junit.tmp @C:\Users\Ama\AppData\Local\Temp\idea_junit.tmp
java_class_path (initial): D:\Program Files\JetBrains\IntelliJ IDEA Community Edition 2018.2.5\lib\idea_rt.jar;D:\Program Files\JetBrains\IntelliJ IDEA Community Edition 2018.2.5\plugins\junit\lib\junit-rt.jar;D:\Program Files\JetBrains\IntelliJ IDEA Community Edition 2018.2.5\plugins\junit\lib\junit5-rt.jar;C:\Users\Ama\Desktop\Fais\6\out\production\6;C:\Users\Ama\Desktop\Fais\6\lib\junit-platform-console-standalone-1.3.1.jar
Launcher Type: SUN_STANDARD

[Global flags]
     intx CICompilerCount                          = 4                                         {product} {ergonomic}
     uint ConcGCThreads                            = 2                                         {product} {ergonomic}
     uint G1ConcRefinementThreads                  = 8                                         {product} {ergonomic}
   size_t G1HeapRegionSize                         = 1048576                                   {product} {ergonomic}
    uintx GCDrainStackTargetSize                   = 64                                        {product} {ergonomic}
   size_t InitialHeapSize                          = 134217728                                 {product} {ergonomic}
   size_t MarkStackSize                            = 4194304                                   {product} {ergonomic}
   size_t MaxHeapSize                              = 2128609280                                {product} {ergonomic}
   size_t MaxNewSize                               = 1277165568                                {product} {ergonomic}
   size_t MinHeapDeltaBytes                        = 1048576                                   {product} {ergonomic}
    uintx NonNMethodCodeHeapSize                   = 5835340                                {pd product} {ergonomic}
    uintx NonProfiledCodeHeapSize                  = 122911450                              {pd product} {ergonomic}
    uintx ProfiledCodeHeapSize                     = 122911450                              {pd product} {ergonomic}
    uintx ReservedCodeCacheSize                    = 251658240                              {pd product} {ergonomic}
     bool SegmentedCodeCache                       = true                                      {product} {ergonomic}
     bool UseCompressedClassPointers               = true                                 {lp64_product} {ergonomic}
     bool UseCompressedOops                        = true                                 {lp64_product} {ergonomic}
     bool UseG1GC                                  = true                                      {product} {ergonomic}
     bool UseLargePagesIndividualAllocation        = false                                  {pd product} {ergonomic}

Logging:
Log output configuration:
 #0: stdout all=warning uptime,level,tags
 #1: stderr all=off uptime,level,tags

Environment Variables:
PATH=C:\Python37\Scripts\;C:\Python37\;C:\Program Files (x86)\NVIDIA Corporation\PhysX\Common;C:\Program Files (x86)\Intel\iCLS Client\;C:\Program Files\Intel\iCLS Client\;C:\WINDOWS\system32;C:\WINDOWS;C:\WINDOWS\System32\Wbem;C:\WINDOWS\System32\WindowsPowerShell\v1.0\;C:\Program Files\Intel\Intel(R) Management Engine Components\DAL;C:\Program Files (x86)\Intel\Intel(R) Management Engine Components\DAL;C:\Program Files\Intel\Intel(R) Management Engine Components\IPT;C:\Program Files (x86)\Intel\Intel(R) Management Engine Components\IPT;C:\Program Files\Intel\WiFi\bin\;C:\Program Files\Common Files\Intel\WirelessCommon\;C:\WINDOWS\System32\OpenSSH\;C:\ProgramData\chocolatey\bin;C:\Program Files\Git\cmd;C:\Users\Ama\AppData\Local\Microsoft\WindowsApps;C:\Program Files\Intel\WiFi\bin\;C:\Program Files\Common Files\Intel\WirelessCommon\;
USERNAME=Ama
OS=Windows_NT
PROCESSOR_IDENTIFIER=Intel64 Family 6 Model 60 Stepping 3, GenuineIntel



---------------  S Y S T E M  ---------------

OS: Windows 10 , 64 bit Build 17134 (10.0.17134.1)

CPU:total 8 (initial active 8) (4 cores per cpu, 2 threads per core) family 6 model 60 stepping 3, cmov, cx8, fxsr, mmx, sse, sse2, sse3, ssse3, sse4.1, sse4.2, popcnt, avx, avx2, aes, clmul, erms, lzcnt, ht, tsc, tscinvbit, bmi1, bmi2, fma

Memory: 4k page, system-wide physical 8113M (2426M free)
TotalPageFile size 11057M (AvailPageFile size 1554M)
current process WorkingSet (physical memory assigned to process): 53M, peak: 74M
current process commit charge ("private bytes"): 218M, peak: 227M

vm_info: Java HotSpot(TM) 64-Bit Server VM (11.0.1+13-LTS) for windows-amd64 JRE (11.0.1+13-LTS), built on Oct  6 2018 13:20:16 by "mach5one" with MS VC++ 15.5 (VS2017)

END.
